opt/
opt/hello_world/
opt/hello_world/hello_world.runfiles/
opt/hello_world/hello_world.runfiles/rules_python~0.21.0~pip~pip_cowsay/
opt/hello_world/hello_world.runfiles/rules_python~0.21.0~pip~pip_cowsay/site-packages/
opt/hello_world/hello_world.runfiles/rules_python~0.21.0~pip~pip_cowsay/site-packages/cowsay-6.1.dist-info/
opt/hello_world/hello_world.runfiles/rules_python~0.21.0~pip~pip_cowsay/site-packages/cowsay-6.1.dist-info/INSTALLER
opt/hello_world/hello_world.runfiles/rules_python~0.21.0~pip~pip_cowsay/site-packages/cowsay-6.1.dist-info/LICENSE.txt
opt/hello_world/hello_world.runfiles/rules_python~0.21.0~pip~pip_cowsay/site-packages/cowsay-6.1.dist-info/METADATA
opt/hello_world/hello_world.runfiles/rules_python~0.21.0~pip~pip_cowsay/site-packages/cowsay-6.1.dist-info/WHEEL
opt/hello_world/hello_world.runfiles/rules_python~0.21.0~pip~pip_cowsay/site-packages/cowsay-6.1.dist-info/entry_points.txt
opt/hello_world/hello_world.runfiles/rules_python~0.21.0~pip~pip_cowsay/site-packages/cowsay-6.1.dist-info/top_level.txt
opt/hello_world/hello_world.runfiles/rules_python~0.21.0~pip~pip_cowsay/site-packages/cowsay/
opt/hello_world/hello_world.runfiles/rules_python~0.21.0~pip~pip_cowsay/site-packages/cowsay/__init__.py
opt/hello_world/hello_world.runfiles/rules_python~0.21.0~pip~pip_cowsay/site-packages/cowsay/__main__.py
opt/hello_world/hello_world.runfiles/rules_python~0.21.0~pip~pip_cowsay/site-packages/cowsay/characters.py
opt/hello_world/hello_world.runfiles/rules_python~0.21.0~pip~pip_cowsay/site-packages/cowsay/main.py
opt/hello_world/hello_world.runfiles/rules_python~0.21.0~pip~pip_cowsay/site-packages/cowsay/tests/
opt/hello_world/hello_world.runfiles/rules_python~0.21.0~pip~pip_cowsay/site-packages/cowsay/tests/__init__.py
opt/hello_world/hello_world.runfiles/rules_python~0.21.0~pip~pip_cowsay/site-packages/cowsay/tests/solutions.py
opt/hello_world/hello_world.runfiles/rules_python~0.21.0~pip~pip_cowsay/site-packages/cowsay/tests/test_api.py
opt/hello_world/hello_world.runfiles/rules_python~0.21.0~pip~pip_cowsay/site-packages/cowsay/tests/test_output.py
